<?xml version="1.0" encoding="utf-8"?><testsuites name="pytest tests"><testsuite name="pytest" errors="0" failures="0" skipped="0" tests="12" time="30.202" timestamp="2026-02-14T04:00:56.489726+00:00" hostname="agent-env-a773a2b1-64fe-4f7f-9275-8abb808afa0c"><testcase classname="backend.tests.test_armory_ai_endpoints.TestProductAIGeneration" name="test_generate_product_content_apps_type" time="11.773" /><testcase classname="backend.tests.test_armory_ai_endpoints.TestProductAIGeneration" name="test_generate_product_content_templates_type" time="7.622" /><testcase classname="backend.tests.test_armory_ai_endpoints.TestProductAIGeneration" name="test_generate_product_content_missing_required" time="0.168" /><testcase classname="backend.tests.test_armory_ai_endpoints.TestProductSectionRegeneration" name="test_regenerate_positioning_line" time="1.410" /><testcase classname="backend.tests.test_armory_ai_endpoints.TestProductSectionRegeneration" name="test_regenerate_features" time="1.724" /><testcase classname="backend.tests.test_armory_ai_endpoints.TestProductSectionRegeneration" name="test_regenerate_cta" time="1.232" /><testcase classname="backend.tests.test_armory_ai_endpoints.TestProductSectionRegeneration" name="test_regenerate_unknown_section" time="0.132" /><testcase classname="backend.tests.test_armory_ai_endpoints.TestProductSEOGeneration" name="test_generate_seo_from_content" time="2.992" /><testcase classname="backend.tests.test_armory_ai_endpoints.TestProductSEOGeneration" name="test_generate_seo_minimal_input" time="1.783" /><testcase classname="backend.tests.test_armory_ai_endpoints.TestDenItemsCRUD" name="test_get_all_products" time="0.236" /><testcase classname="backend.tests.test_armory_ai_endpoints.TestDenItemsCRUD" name="test_create_basic_product" time="0.545" /><testcase classname="backend.tests.test_armory_ai_endpoints.TestDenItemsCRUD" name="test_create_product_with_existing_seo_fields" time="0.517" /></testsuite></testsuites>