<?xml version="1.0" encoding="utf-8"?><testsuites name="pytest tests"><testsuite name="pytest" errors="0" failures="0" skipped="0" tests="12" time="1.411" timestamp="2026-02-12T10:43:59.792076+00:00" hostname="agent-env-ca1979c2-2d40-407b-a196-403e90222b0f"><testcase classname="tests.test_assets_integration.TestAssetsLibraryCRUD" name="test_list_assets_basic" time="0.132" /><testcase classname="tests.test_assets_integration.TestAssetsLibraryCRUD" name="test_list_assets_filter_by_type_images" time="0.048" /><testcase classname="tests.test_assets_integration.TestAssetsLibraryCRUD" name="test_list_assets_filter_by_type_pdfs" time="0.046" /><testcase classname="tests.test_assets_integration.TestAssetsLibraryCRUD" name="test_list_assets_search" time="0.047" /><testcase classname="tests.test_assets_integration.TestImageUploadAutoCatalogue" name="test_upload_image_with_auto_library" time="0.118" /><testcase classname="tests.test_assets_integration.TestImageUploadAutoCatalogue" name="test_upload_image_without_auto_library" time="0.120" /><testcase classname="tests.test_assets_integration.TestFileUploadAutoCatalogue" name="test_upload_file_with_auto_library" time="0.163" /><testcase classname="tests.test_assets_integration.TestFileUploadAutoCatalogue" name="test_upload_pdf_file_type_detection" time="0.131" /><testcase classname="tests.test_assets_integration.TestAssetVisibilityBadges" name="test_update_asset_visibility" time="0.261" /><testcase classname="tests.test_assets_integration.TestExistingTestAsset" name="test_existing_test_asset_with_tags" time="0.039" /><testcase classname="tests.test_assets_integration.TestAssetDeletion" name="test_delete_asset" time="0.140" /><testcase classname="tests.test_assets_integration.TestAssetDeletion" name="test_delete_nonexistent_asset" time="0.039" /></testsuite></testsuites>