<?xml version="1.0" encoding="utf-8"?><testsuites name="pytest tests"><testsuite name="pytest" errors="0" failures="2" skipped="0" tests="15" time="1.379" timestamp="2026-02-09T21:21:45.355969+00:00" hostname="agent-env-7af4339f-e76c-4b13-8828-ba530749ee6b"><testcase classname="backend.tests.test_batch_features.TestCineConnectInterest" name="test_register_cineconnect_interest_success" time="0.079" /><testcase classname="backend.tests.test_batch_features.TestCineConnectInterest" name="test_get_cineconnect_interests" time="0.054"><failure message="AssertionError: Expected 200, got 404: {&quot;detail&quot;:&quot;Message not found&quot;}&#10;assert 404 == 200&#10; +  where 404 = &lt;Response [404]&gt;.status_code">backend/tests/test_batch_features.py:31: in test_get_cineconnect_interests
    assert response.status_code == 200, f"Expected 200, got {response.status_code}: {response.text}"
E   AssertionError: Expected 200, got 404: {"detail":"Message not found"}
E   assert 404 == 200
E    +  where 404 = &lt;Response [404]&gt;.status_code</failure></testcase><testcase classname="backend.tests.test_batch_features.TestAdminActivityTab" name="test_get_contact_messages" time="0.052" /><testcase classname="backend.tests.test_batch_features.TestAdminActivityTab" name="test_get_submissions" time="0.039" /><testcase classname="backend.tests.test_batch_features.TestAdminActivityTab" name="test_create_and_update_message_status" time="0.124" /><testcase classname="backend.tests.test_batch_features.TestInvestorBlog" name="test_get_blog_posts_public" time="0.044" /><testcase classname="backend.tests.test_batch_features.TestInvestorBlog" name="test_get_blog_posts_all" time="0.034" /><testcase classname="backend.tests.test_batch_features.TestInvestorBlog" name="test_create_update_delete_blog_post" time="0.170" /><testcase classname="backend.tests.test_batch_features.TestInvestorPortalBlogEndpoints" name="test_investor_portal_status" time="0.076" /><testcase classname="backend.tests.test_batch_features.TestInvestorPortalBlogEndpoints" name="test_investor_projects" time="0.037" /><testcase classname="backend.tests.test_batch_features.TestDenItemsCanonicalTemplate" name="test_get_den_items" time="0.038" /><testcase classname="backend.tests.test_batch_features.TestDenItemsCanonicalTemplate" name="test_get_den_item_by_slug" time="0.074" /><testcase classname="backend.tests.test_batch_features.TestDenItemsCanonicalTemplate" name="test_create_item_with_canonical_fields" time="0.153" /><testcase classname="backend.tests.test_batch_features.TestContactAndSubmissionsEndpoints" name="test_contact_message_crud" time="0.220" /><testcase classname="backend.tests.test_batch_features.TestHealthAndBasicEndpoints" name="test_api_health" time="0.046"><failure message="AssertionError: assert None == 'ok'&#10; +  where None = &lt;built-in method get of dict object at 0xf862da53ec80&gt;('status')&#10; +    where &lt;built-in method get of dict object at 0xf862da53ec80&gt; = {'message': 'Shadow Wolves Productions API'}.get">backend/tests/test_batch_features.py:306: in test_api_health
    assert data.get("status") == "ok"
E   AssertionError: assert None == 'ok'
E    +  where None = &lt;built-in method get of dict object at 0xf862da53ec80&gt;('status')
E    +    where &lt;built-in method get of dict object at 0xf862da53ec80&gt; = {'message': 'Shadow Wolves Productions API'}.get</failure></testcase></testsuite></testsuites>