<?xml version="1.0" encoding="utf-8"?><testsuites name="pytest tests"><testsuite name="pytest" errors="0" failures="0" skipped="0" tests="15" time="1.170" timestamp="2026-02-09T21:26:23.254203+00:00" hostname="agent-env-7af4339f-e76c-4b13-8828-ba530749ee6b"><testcase classname="backend.tests.test_batch_features.TestCineConnectInterest" name="test_register_cineconnect_interest_success" time="0.059" /><testcase classname="backend.tests.test_batch_features.TestCineConnectInterest" name="test_get_cineconnect_interests" time="0.039" /><testcase classname="backend.tests.test_batch_features.TestAdminActivityTab" name="test_get_contact_messages" time="0.060" /><testcase classname="backend.tests.test_batch_features.TestAdminActivityTab" name="test_get_submissions" time="0.038" /><testcase classname="backend.tests.test_batch_features.TestAdminActivityTab" name="test_create_and_update_message_status" time="0.118" /><testcase classname="backend.tests.test_batch_features.TestInvestorBlog" name="test_get_blog_posts_public" time="0.034" /><testcase classname="backend.tests.test_batch_features.TestInvestorBlog" name="test_get_blog_posts_all" time="0.036" /><testcase classname="backend.tests.test_batch_features.TestInvestorBlog" name="test_create_update_delete_blog_post" time="0.141" /><testcase classname="backend.tests.test_batch_features.TestInvestorPortalBlogEndpoints" name="test_investor_portal_status" time="0.041" /><testcase classname="backend.tests.test_batch_features.TestInvestorPortalBlogEndpoints" name="test_investor_projects" time="0.038" /><testcase classname="backend.tests.test_batch_features.TestDenItemsCanonicalTemplate" name="test_get_den_items" time="0.035" /><testcase classname="backend.tests.test_batch_features.TestDenItemsCanonicalTemplate" name="test_get_den_item_by_slug" time="0.079" /><testcase classname="backend.tests.test_batch_features.TestDenItemsCanonicalTemplate" name="test_create_item_with_canonical_fields" time="0.107" /><testcase classname="backend.tests.test_batch_features.TestContactAndSubmissionsEndpoints" name="test_contact_message_crud" time="0.228" /><testcase classname="backend.tests.test_batch_features.TestHealthAndBasicEndpoints" name="test_api_health" time="0.047" /></testsuite></testsuites>