<?xml version="1.0" encoding="utf-8"?><testsuites name="pytest tests"><testsuite name="pytest" errors="0" failures="1" skipped="0" tests="15" time="1.131" timestamp="2026-02-09T21:26:07.840019+00:00" hostname="agent-env-7af4339f-e76c-4b13-8828-ba530749ee6b"><testcase classname="backend.tests.test_batch_features.TestCineConnectInterest" name="test_register_cineconnect_interest_success" time="0.063" /><testcase classname="backend.tests.test_batch_features.TestCineConnectInterest" name="test_get_cineconnect_interests" time="0.037" /><testcase classname="backend.tests.test_batch_features.TestAdminActivityTab" name="test_get_contact_messages" time="0.037" /><testcase classname="backend.tests.test_batch_features.TestAdminActivityTab" name="test_get_submissions" time="0.035" /><testcase classname="backend.tests.test_batch_features.TestAdminActivityTab" name="test_create_and_update_message_status" time="0.105" /><testcase classname="backend.tests.test_batch_features.TestInvestorBlog" name="test_get_blog_posts_public" time="0.036" /><testcase classname="backend.tests.test_batch_features.TestInvestorBlog" name="test_get_blog_posts_all" time="0.035" /><testcase classname="backend.tests.test_batch_features.TestInvestorBlog" name="test_create_update_delete_blog_post" time="0.190" /><testcase classname="backend.tests.test_batch_features.TestInvestorPortalBlogEndpoints" name="test_investor_portal_status" time="0.038" /><testcase classname="backend.tests.test_batch_features.TestInvestorPortalBlogEndpoints" name="test_investor_projects" time="0.037" /><testcase classname="backend.tests.test_batch_features.TestDenItemsCanonicalTemplate" name="test_get_den_items" time="0.033" /><testcase classname="backend.tests.test_batch_features.TestDenItemsCanonicalTemplate" name="test_get_den_item_by_slug" time="0.075" /><testcase classname="backend.tests.test_batch_features.TestDenItemsCanonicalTemplate" name="test_create_item_with_canonical_fields" time="0.111" /><testcase classname="backend.tests.test_batch_features.TestContactAndSubmissionsEndpoints" name="test_contact_message_crud" time="0.176" /><testcase classname="backend.tests.test_batch_features.TestHealthAndBasicEndpoints" name="test_api_health" time="0.052"><failure message="AssertionError: assert None == 'ok'&#10; +  where None = &lt;built-in method get of dict object at 0xff6964dd4bc0&gt;('status')&#10; +    where &lt;built-in method get of dict object at 0xff6964dd4bc0&gt; = {'message': 'Shadow Wolves Productions API'}.get">backend/tests/test_batch_features.py:306: in test_api_health
    assert data.get("status") == "ok"
E   AssertionError: assert None == 'ok'
E    +  where None = &lt;built-in method get of dict object at 0xff6964dd4bc0&gt;('status')
E    +    where &lt;built-in method get of dict object at 0xff6964dd4bc0&gt; = {'message': 'Shadow Wolves Productions API'}.get</failure></testcase></testsuite></testsuites>