<?xml version="1.0" encoding="utf-8"?><testsuites name="pytest tests"><testsuite name="pytest" errors="0" failures="0" skipped="0" tests="8" time="11.015" timestamp="2026-02-14T11:50:04.808769+00:00" hostname="agent-env-aa99a7ff-9975-46df-977c-a0286b67f95d"><testcase classname="backend.tests.test_blog_modal_features.TestBlogSeoAIGeneration" name="test_generate_blog_seo_returns_all_fields" time="5.685" /><testcase classname="backend.tests.test_blog_modal_features.TestBlogSeoAIGeneration" name="test_generate_blog_seo_with_minimal_input" time="3.798" /><testcase classname="backend.tests.test_blog_modal_features.TestBlogPostCRUD" name="test_create_blog_post_with_new_fields" time="0.251" /><testcase classname="backend.tests.test_blog_modal_features.TestBlogPostCRUD" name="test_update_blog_post_with_new_fields" time="0.364" /><testcase classname="backend.tests.test_blog_modal_features.TestBlogPostCRUD" name="test_get_blog_post_returns_new_fields" time="0.361" /><testcase classname="backend.tests.test_blog_modal_features.TestBlogListEndpoint" name="test_get_blog_list" time="0.114" /><testcase classname="backend.tests.test_blog_modal_features.TestEndpointExists" name="test_blog_seo_endpoint_exists" time="0.102" /><testcase classname="backend.tests.test_blog_modal_features.TestEndpointExists" name="test_blog_crud_endpoints_exist" time="0.212" /></testsuite></testsuites>