<?xml version="1.0" encoding="utf-8"?><testsuites name="pytest tests"><testsuite name="pytest" errors="0" failures="0" skipped="0" tests="5" time="20.233" timestamp="2026-02-14T11:01:36.069525+00:00" hostname="agent-env-aa99a7ff-9975-46df-977c-a0286b67f95d"><testcase classname="tests.test_blog_seo_ai.TestBlogSeoAI" name="test_generate_blog_seo_success" time="6.212" /><testcase classname="tests.test_blog_seo_ai.TestBlogSeoAI" name="test_generate_blog_seo_with_minimal_input" time="3.368" /><testcase classname="tests.test_blog_seo_ai.TestBlogSeoAI" name="test_generate_blog_seo_empty_title_validation" time="4.816" /><testcase classname="tests.test_blog_seo_ai.TestBlogSeoAI" name="test_endpoint_exists_and_method" time="0.125" /><testcase classname="tests.test_blog_seo_ai.TestBlogSeoComparison" name="test_both_seo_endpoints_available" time="5.608" /></testsuite></testsuites>