<?xml version="1.0" encoding="utf-8"?><testsuites name="pytest tests"><testsuite name="pytest" errors="0" failures="0" skipped="0" tests="9" time="20.297" timestamp="2026-02-14T04:57:37.530249+00:00" hostname="agent-env-a773a2b1-64fe-4f7f-9275-8abb808afa0c"><testcase classname="backend.tests.test_bug_fixes_iteration13.TestArmoryCatalog" name="test_get_den_items_returns_list" time="0.220" /><testcase classname="backend.tests.test_bug_fixes_iteration13.TestArmoryCatalog" name="test_den_items_have_required_fields" time="0.113" /><testcase classname="backend.tests.test_bug_fixes_iteration13.TestBlogPosts" name="test_get_published_blog_posts" time="0.104" /><testcase classname="backend.tests.test_bug_fixes_iteration13.TestBlogPosts" name="test_blog_posts_have_cover_image_field" time="0.156" /><testcase classname="backend.tests.test_bug_fixes_iteration13.TestAICoverImageGeneration" name="test_ai_cover_image_endpoint_exists" time="0.108" /><testcase classname="backend.tests.test_bug_fixes_iteration13.TestAICoverImageGeneration" name="test_ai_cover_image_validation" time="0.124" /><testcase classname="backend.tests.test_bug_fixes_iteration13.TestAICoverImageGeneration" name="test_ai_cover_image_with_valid_payload" time="19.137" /><testcase classname="backend.tests.test_bug_fixes_iteration13.TestFilmsPage" name="test_get_films_returns_list" time="0.150" /><testcase classname="backend.tests.test_bug_fixes_iteration13.TestFilmsPage" name="test_films_have_display_fields" time="0.114" /></testsuite></testsuites>