<?xml version="1.0" encoding="utf-8"?><testsuites name="pytest tests"><testsuite name="pytest" errors="0" failures="1" skipped="0" tests="15" time="2.567" timestamp="2026-02-02T23:53:47.405438+00:00" hostname="agent-env-20c6a424-f5c1-4290-a8a1-2a91c26421ad"><testcase classname="backend.tests.test_contact_api.TestContactAPI" name="test_get_contact_messages" time="0.141" /><testcase classname="backend.tests.test_contact_api.TestContactAPI" name="test_create_contact_message" time="0.130" /><testcase classname="backend.tests.test_contact_api.TestContactAPI" name="test_create_contact_message_minimal" time="0.126" /><testcase classname="backend.tests.test_contact_api.TestContactAPI" name="test_create_contact_message_invalid_email" time="0.089" /><testcase classname="backend.tests.test_contact_api.TestContactAPI" name="test_create_contact_message_missing_required" time="0.159" /><testcase classname="backend.tests.test_contact_api.TestContactAPI" name="test_get_contact_message_by_id" time="0.155" /><testcase classname="backend.tests.test_contact_api.TestContactAPI" name="test_get_contact_message_not_found" time="0.075" /><testcase classname="backend.tests.test_contact_api.TestContactAPI" name="test_update_contact_message_status" time="0.245" /><testcase classname="backend.tests.test_contact_api.TestContactAPI" name="test_filter_messages_by_status" time="0.284"><failure message="AssertionError: Expected status 'New', got 'Read'&#10;assert 'Read' == 'New'&#10;  &#10;  - New&#10;  + Read">backend/tests/test_contact_api.py:281: in test_filter_messages_by_status
    assert msg['status'] == 'New', f"Expected status 'New', got '{msg['status']}'"
E   AssertionError: Expected status 'New', got 'Read'
E   assert 'Read' == 'New'
E     
E     - New
E     + Read</failure></testcase><testcase classname="backend.tests.test_contact_api.TestContactAPI" name="test_archive_contact_message" time="0.241" /><testcase classname="backend.tests.test_contact_api.TestContactAPI" name="test_permanent_delete_contact_message" time="0.164" /><testcase classname="backend.tests.test_contact_api.TestContactAPI" name="test_delete_not_found" time="0.076" /><testcase classname="backend.tests.test_contact_api.TestContactAPI" name="test_update_not_found" time="0.078" /><testcase classname="backend.tests.test_contact_api.TestNewsletterAPI" name="test_newsletter_subscribe" time="0.167" /><testcase classname="backend.tests.test_contact_api.TestNewsletterAPI" name="test_newsletter_duplicate_subscription" time="0.275" /></testsuite></testsuites>