<?xml version="1.0" encoding="utf-8"?><testsuites name="pytest tests"><testsuite name="pytest" errors="0" failures="0" skipped="0" tests="20" time="11.882" timestamp="2026-02-04T03:24:26.882692+00:00" hostname="agent-env-27363b8b-2e2a-4ae0-8843-3e08c40a3cc5"><testcase classname="tests.test_email_integration.TestNewsletterBulkEmail" name="test_get_newsletter_subscribers" time="0.090" /><testcase classname="tests.test_email_integration.TestNewsletterBulkEmail" name="test_send_bulk_email_no_subscribers" time="0.041" /><testcase classname="tests.test_email_integration.TestNewsletterBulkEmail" name="test_send_bulk_email_test_mode" time="2.477" /><testcase classname="tests.test_email_integration.TestNewsletterBulkEmail" name="test_send_bulk_email_missing_subject" time="0.041" /><testcase classname="tests.test_email_integration.TestNewsletterBulkEmail" name="test_send_bulk_email_missing_content" time="0.037" /><testcase classname="tests.test_email_integration.TestNewsletterWelcomeEmail" name="test_newsletter_signup_triggers_welcome_email" time="2.085" /><testcase classname="tests.test_email_integration.TestNewsletterWelcomeEmail" name="test_newsletter_resubscribe" time="0.163" /><testcase classname="tests.test_email_integration.TestNewsletterWelcomeEmail" name="test_duplicate_subscription_rejected" time="0.132" /><testcase classname="tests.test_email_integration.TestInvestorInquiryNotification" name="test_investor_inquiry_submission" time="2.118" /><testcase classname="tests.test_email_integration.TestInvestorInquiryNotification" name="test_investor_inquiry_required_fields" time="0.036" /><testcase classname="tests.test_email_integration.TestContactFormNotification" name="test_contact_form_submission" time="2.129" /><testcase classname="tests.test_email_integration.TestContactFormNotification" name="test_contact_form_required_fields" time="0.039" /><testcase classname="tests.test_email_integration.TestWorkWithUsNotification" name="test_submission_creation" time="2.163" /><testcase classname="tests.test_email_integration.TestWorkWithUsNotification" name="test_submission_logline_validation" time="0.035" /><testcase classname="tests.test_email_integration.TestWorkWithUsNotification" name="test_submission_required_fields" time="0.038" /><testcase classname="tests.test_email_integration.TestAPIHealth" name="test_api_root" time="0.038" /><testcase classname="tests.test_email_integration.TestAPIHealth" name="test_newsletter_endpoint" time="0.038" /><testcase classname="tests.test_email_integration.TestAPIHealth" name="test_contact_endpoint" time="0.036" /><testcase classname="tests.test_email_integration.TestAPIHealth" name="test_submissions_endpoint" time="0.038" /><testcase classname="tests.test_email_integration.TestAPIHealth" name="test_investor_inquiries_endpoint" time="0.037" /></testsuite></testsuites>