<?xml version="1.0" encoding="utf-8"?><testsuites name="pytest tests"><testsuite name="pytest" errors="0" failures="1" skipped="0" tests="14" time="2.511" timestamp="2026-02-16T02:39:13.081313+00:00" hostname="agent-env-b8a6dfc7-0004-4d2d-b999-13e597b980fd"><testcase classname="tests.test_films_studio_access.TestFilmsAPI" name="test_get_all_films" time="0.245" /><testcase classname="tests.test_films_studio_access.TestFilmsAPI" name="test_get_film_by_slug_crowe" time="0.157" /><testcase classname="tests.test_films_studio_access.TestFilmsAPI" name="test_get_film_by_slug_not_found" time="0.134" /><testcase classname="tests.test_films_studio_access.TestFilmsAPI" name="test_film_has_financial_info" time="0.120" /><testcase classname="tests.test_films_studio_access.TestStudioAccessAPI" name="test_verify_valid_token" time="0.137" /><testcase classname="tests.test_films_studio_access.TestStudioAccessAPI" name="test_verify_invalid_token" time="0.122" /><testcase classname="tests.test_films_studio_access.TestStudioAccessAPI" name="test_verify_missing_token" time="0.162" /><testcase classname="tests.test_films_studio_access.TestStudioAccessAPI" name="test_verify_nonexistent_film" time="0.113" /><testcase classname="tests.test_films_studio_access.TestStudioAccessAPI" name="test_nda_confirm_endpoint" time="0.114" /><testcase classname="tests.test_films_studio_access.TestStudioAccessAPI" name="test_nda_confirm_missing_agreement" time="0.144" /><testcase classname="tests.test_films_studio_access.TestStudioAccessTokens" name="test_list_tokens" time="0.146" /><testcase classname="tests.test_films_studio_access.TestStudioAccessTokens" name="test_list_tokens_by_film" time="0.305" /><testcase classname="tests.test_films_studio_access.TestStudioAccessTokens" name="test_access_logs_endpoint" time="0.121" /><testcase classname="tests.test_films_studio_access.TestPosterImageEndpoint" name="test_crowe_poster_accessible" time="0.266"><failure message="AssertionError: Poster image should be accessible: 405&#10;assert 405 == 200&#10; +  where 405 = &lt;Response [405]&gt;.status_code">tests/test_films_studio_access.py:196: in test_crowe_poster_accessible
    assert response.status_code == 200, f"Poster image should be accessible: {response.status_code}"
E   AssertionError: Poster image should be accessible: 405
E   assert 405 == 200
E    +  where 405 = &lt;Response [405]&gt;.status_code</failure></testcase></testsuite></testsuites>