<?xml version="1.0" encoding="utf-8"?><testsuites name="pytest tests"><testsuite name="pytest" errors="0" failures="0" skipped="0" tests="14" time="2.549" timestamp="2026-02-16T02:41:29.229185+00:00" hostname="agent-env-b8a6dfc7-0004-4d2d-b999-13e597b980fd"><testcase classname="tests.test_films_studio_access.TestFilmsAPI" name="test_get_all_films" time="0.273" /><testcase classname="tests.test_films_studio_access.TestFilmsAPI" name="test_get_film_by_slug_crowe" time="0.126" /><testcase classname="tests.test_films_studio_access.TestFilmsAPI" name="test_get_film_by_slug_not_found" time="0.126" /><testcase classname="tests.test_films_studio_access.TestFilmsAPI" name="test_film_has_financial_info" time="0.137" /><testcase classname="tests.test_films_studio_access.TestStudioAccessAPI" name="test_verify_valid_token" time="0.119" /><testcase classname="tests.test_films_studio_access.TestStudioAccessAPI" name="test_verify_invalid_token" time="0.126" /><testcase classname="tests.test_films_studio_access.TestStudioAccessAPI" name="test_verify_missing_token" time="0.157" /><testcase classname="tests.test_films_studio_access.TestStudioAccessAPI" name="test_verify_nonexistent_film" time="0.203" /><testcase classname="tests.test_films_studio_access.TestStudioAccessAPI" name="test_nda_confirm_endpoint" time="0.115" /><testcase classname="tests.test_films_studio_access.TestStudioAccessAPI" name="test_nda_confirm_missing_agreement" time="0.286" /><testcase classname="tests.test_films_studio_access.TestStudioAccessTokens" name="test_list_tokens" time="0.131" /><testcase classname="tests.test_films_studio_access.TestStudioAccessTokens" name="test_list_tokens_by_film" time="0.305" /><testcase classname="tests.test_films_studio_access.TestStudioAccessTokens" name="test_access_logs_endpoint" time="0.133" /><testcase classname="tests.test_films_studio_access.TestPosterImageEndpoint" name="test_crowe_poster_accessible" time="0.249" /></testsuite></testsuites>