<?xml version="1.0" encoding="utf-8"?><testsuites name="pytest tests"><testsuite name="pytest" errors="0" failures="3" skipped="0" tests="17" time="3.093" timestamp="2026-02-14T03:17:05.499109+00:00" hostname="agent-env-a773a2b1-64fe-4f7f-9275-8abb808afa0c"><testcase classname="backend.tests.test_full_regression.TestPublicAPIs" name="test_root_api" time="0.258" /><testcase classname="backend.tests.test_full_regression.TestPublicAPIs" name="test_get_films" time="0.456" /><testcase classname="backend.tests.test_full_regression.TestPublicAPIs" name="test_get_armory_items" time="0.181" /><testcase classname="backend.tests.test_full_regression.TestPublicAPIs" name="test_get_blog_posts" time="0.157" /><testcase classname="backend.tests.test_full_regression.TestPublicAPIs" name="test_post_contact_submit" time="0.114"><failure message="assert 405 in [200, 201]&#10; +  where 405 = &lt;Response [405]&gt;.status_code">backend/tests/test_full_regression.py:72: in test_post_contact_submit
    assert response.status_code in [200, 201]
E   assert 405 in [200, 201]
E    +  where 405 = &lt;Response [405]&gt;.status_code</failure></testcase><testcase classname="backend.tests.test_full_regression.TestAdminAPIs" name="test_get_admin_assets" time="0.125" /><testcase classname="backend.tests.test_full_regression.TestAdminAPIs" name="test_filter_assets_by_type" time="0.235" /><testcase classname="backend.tests.test_full_regression.TestAdminAPIs" name="test_get_admin_contact_submissions" time="0.126" /><testcase classname="backend.tests.test_full_regression.TestAdminAPIs" name="test_get_admin_submissions" time="0.154" /><testcase classname="backend.tests.test_full_regression.TestUploadAPIs" name="test_upload_image_endpoint_exists" time="0.123" /><testcase classname="backend.tests.test_full_regression.TestUploadAPIs" name="test_serve_uploaded_image" time="0.152" /><testcase classname="backend.tests.test_full_regression.TestInvestorAPIs" name="test_get_investor_projects" time="0.125" /><testcase classname="backend.tests.test_full_regression.TestInvestorAPIs" name="test_get_investor_blog_posts" time="0.140" /><testcase classname="backend.tests.test_full_regression.TestInvestorAPIs" name="test_validate_investor_password" time="0.106"><failure message="assert 404 in [200, 401]&#10; +  where 404 = &lt;Response [404]&gt;.status_code">backend/tests/test_full_regression.py:174: in test_validate_investor_password
    assert response.status_code in [200, 401]
E   assert 404 in [200, 401]
E    +  where 404 = &lt;Response [404]&gt;.status_code</failure></testcase><testcase classname="backend.tests.test_full_regression.TestAdminAuthentication" name="test_validate_admin_password" time="0.125"><failure message="assert 404 in [200, 401]&#10; +  where 404 = &lt;Response [404]&gt;.status_code">backend/tests/test_full_regression.py:204: in test_validate_admin_password
    assert response.status_code in [200, 401]
E   assert 404 in [200, 401]
E    +  where 404 = &lt;Response [404]&gt;.status_code</failure></testcase><testcase classname="backend.tests.test_full_regression.TestNewsletterAPI" name="test_newsletter_subscribe" time="0.130" /><testcase classname="backend.tests.test_full_regression.TestCineConnectAPI" name="test_cineconnect_interest" time="0.160" /></testsuite></testsuites>