<?xml version="1.0" encoding="utf-8"?><testsuites name="pytest tests"><testsuite name="pytest" errors="0" failures="0" skipped="0" tests="17" time="4.133" timestamp="2026-02-14T03:17:46.077924+00:00" hostname="agent-env-a773a2b1-64fe-4f7f-9275-8abb808afa0c"><testcase classname="backend.tests.test_full_regression.TestPublicAPIs" name="test_root_api" time="0.191" /><testcase classname="backend.tests.test_full_regression.TestPublicAPIs" name="test_get_films" time="0.158" /><testcase classname="backend.tests.test_full_regression.TestPublicAPIs" name="test_get_armory_items" time="0.114" /><testcase classname="backend.tests.test_full_regression.TestPublicAPIs" name="test_get_blog_posts" time="0.110" /><testcase classname="backend.tests.test_full_regression.TestPublicAPIs" name="test_post_contact_submit" time="0.162" /><testcase classname="backend.tests.test_full_regression.TestAdminAPIs" name="test_get_admin_assets" time="0.200" /><testcase classname="backend.tests.test_full_regression.TestAdminAPIs" name="test_filter_assets_by_type" time="0.314" /><testcase classname="backend.tests.test_full_regression.TestAdminAPIs" name="test_get_admin_contact_submissions" time="0.140" /><testcase classname="backend.tests.test_full_regression.TestAdminAPIs" name="test_get_admin_submissions" time="0.136" /><testcase classname="backend.tests.test_full_regression.TestUploadAPIs" name="test_upload_image_endpoint_exists" time="0.193" /><testcase classname="backend.tests.test_full_regression.TestUploadAPIs" name="test_serve_uploaded_image" time="0.203" /><testcase classname="backend.tests.test_full_regression.TestInvestorAPIs" name="test_get_investor_projects" time="0.122" /><testcase classname="backend.tests.test_full_regression.TestInvestorAPIs" name="test_get_investor_blog_posts" time="0.119" /><testcase classname="backend.tests.test_full_regression.TestInvestorAPIs" name="test_validate_investor_password" time="0.352" /><testcase classname="backend.tests.test_full_regression.TestAdminAuthentication" name="test_validate_admin_password" time="1.207" /><testcase classname="backend.tests.test_full_regression.TestNewsletterAPI" name="test_newsletter_subscribe" time="0.175" /><testcase classname="backend.tests.test_full_regression.TestCineConnectAPI" name="test_cineconnect_interest" time="0.148" /></testsuite></testsuites>