<?xml version="1.0" encoding="utf-8"?><testsuites name="pytest tests"><testsuite name="pytest" errors="0" failures="0" skipped="0" tests="11" time="2.210" timestamp="2026-02-17T20:17:27.472736+00:00" hostname="agent-env-0fe489f1-d73a-4afd-914d-9ec9326af875"><testcase classname="tests.test_image_compression_seo.TestImageUploadCompression" name="test_png_upload_converts_to_webp" time="0.314" /><testcase classname="tests.test_image_compression_seo.TestImageUploadCompression" name="test_jpg_upload_converts_to_webp" time="0.151" /><testcase classname="tests.test_image_compression_seo.TestImageUploadCompression" name="test_upload_without_webp_conversion" time="0.154" /><testcase classname="tests.test_image_compression_seo.TestImageUploadCompression" name="test_upload_png_without_webp_conversion" time="0.144" /><testcase classname="tests.test_image_compression_seo.TestAssetUploadCompression" name="test_asset_upload_compresses_and_converts_to_webp" time="0.206" /><testcase classname="tests.test_image_compression_seo.TestSeoSettings" name="test_get_seo_settings" time="0.157" /><testcase classname="tests.test_image_compression_seo.TestRobotsTxt" name="test_robots_txt_endpoint" time="0.176" /><testcase classname="tests.test_image_compression_seo.TestRobotsTxt" name="test_robots_txt_contains_sitemap_reference" time="0.139" /><testcase classname="tests.test_image_compression_seo.TestSitemapXml" name="test_sitemap_xml_endpoint" time="0.294" /><testcase classname="tests.test_image_compression_seo.TestSitemapXml" name="test_sitemap_contains_static_pages" time="0.189" /><testcase classname="tests.test_image_compression_seo.TestSitemapXml" name="test_sitemap_contains_dynamic_content" time="0.165" /></testsuite></testsuites>