<?xml version="1.0" encoding="utf-8"?><testsuites name="pytest tests"><testsuite name="pytest" errors="0" failures="0" skipped="0" tests="15" time="1.271" timestamp="2026-02-05T05:14:04.226013+00:00" hostname="agent-env-4059cf08-c3cd-479c-a4e2-4ff2b1fef7c6"><testcase classname="backend.tests.test_investor_portal.TestInvestorPortalAuth" name="test_portal_status" time="0.081" /><testcase classname="backend.tests.test_investor_portal.TestInvestorPortalAuth" name="test_investor_login_with_password" time="0.040" /><testcase classname="backend.tests.test_investor_portal.TestInvestorPortalAuth" name="test_investor_login_invalid_password" time="0.040" /><testcase classname="backend.tests.test_investor_portal.TestInvestorProjects" name="test_get_projects" time="0.040" /><testcase classname="backend.tests.test_investor_portal.TestInvestorProjects" name="test_get_project_documents" time="0.092" /><testcase classname="backend.tests.test_investor_portal.TestDocumentRequests" name="test_create_document_request_pitch_deck" time="0.091" /><testcase classname="backend.tests.test_investor_portal.TestDocumentRequests" name="test_create_document_request_screener" time="0.159" /><testcase classname="backend.tests.test_investor_portal.TestDocumentRequests" name="test_create_document_request_script" time="0.078" /><testcase classname="backend.tests.test_investor_portal.TestDocumentRequests" name="test_create_document_request_missing_required_fields" time="0.072" /><testcase classname="backend.tests.test_investor_portal.TestInvestorInquiries" name="test_create_inquiry_single_project" time="0.078" /><testcase classname="backend.tests.test_investor_portal.TestInvestorInquiries" name="test_create_inquiry_slate_investment" time="0.043" /><testcase classname="backend.tests.test_investor_portal.TestInvestorInquiries" name="test_create_inquiry_strategic_partnership" time="0.080" /><testcase classname="backend.tests.test_investor_portal.TestInvestorInquiries" name="test_create_inquiry_all_investor_types" time="0.212" /><testcase classname="backend.tests.test_investor_portal.TestAdminDocumentRequests" name="test_get_document_requests" time="0.060" /><testcase classname="backend.tests.test_investor_portal.TestGeneralDocuments" name="test_get_general_documents" time="0.038" /></testsuite></testsuites>