<?xml version="1.0" encoding="utf-8"?><testsuites name="pytest tests"><testsuite name="pytest" errors="0" failures="0" skipped="0" tests="16" time="0.881" timestamp="2026-02-12T10:27:57.596266+00:00" hostname="agent-env-7af4339f-e76c-4b13-8828-ba530749ee6b"><testcase classname="backend.tests.test_new_features_iter9.TestAssetsAPI" name="test_list_assets" time="0.061" /><testcase classname="backend.tests.test_new_features_iter9.TestAssetsAPI" name="test_list_assets_with_filter" time="0.044" /><testcase classname="backend.tests.test_new_features_iter9.TestAssetsAPI" name="test_list_assets_with_search" time="0.041" /><testcase classname="backend.tests.test_new_features_iter9.TestAssetsAPI" name="test_get_single_asset" time="0.077" /><testcase classname="backend.tests.test_new_features_iter9.TestAssetsAPI" name="test_get_nonexistent_asset" time="0.039" /><testcase classname="backend.tests.test_new_features_iter9.TestAssetsAPI" name="test_update_asset_visibility" time="0.167" /><testcase classname="backend.tests.test_new_features_iter9.TestInvestorPortalStatus" name="test_portal_status" time="0.045" /><testcase classname="backend.tests.test_new_features_iter9.TestInvestorAuth" name="test_legacy_password_auth" time="0.049" /><testcase classname="backend.tests.test_new_features_iter9.TestInvestorAuth" name="test_legacy_password_auth_invalid" time="0.036" /><testcase classname="backend.tests.test_new_features_iter9.TestInvestorAuth" name="test_access_code_auth" time="0.043" /><testcase classname="backend.tests.test_new_features_iter9.TestInvestorAuth" name="test_email_login_invalid" time="0.036" /><testcase classname="backend.tests.test_new_features_iter9.TestInvestorRequestAccess" name="test_request_access_missing_acks" time="0.037" /><testcase classname="backend.tests.test_new_features_iter9.TestInvestorRequestAccess" name="test_request_access_success" time="0.040" /><testcase classname="backend.tests.test_new_features_iter9.TestInvestorSignupValidation" name="test_validate_invalid_token" time="0.039" /><testcase classname="backend.tests.test_new_features_iter9.TestInvestorProjects" name="test_get_investor_projects" time="0.035" /><testcase classname="backend.tests.test_new_features_iter9.TestInvestorDocuments" name="test_get_investor_documents" time="0.037" /></testsuite></testsuites>