<?xml version="1.0" encoding="utf-8"?><testsuites name="pytest tests"><testsuite name="pytest" errors="0" failures="0" skipped="0" tests="15" time="3.198" timestamp="2026-02-19T04:29:40.226863+00:00" hostname="agent-env-b0f81787-7650-47e6-bb6d-1439a8a9c403"><testcase classname="tests.test_newsletter_builder.TestNewsletterBuilderIssues" name="test_get_issues" time="0.336" /><testcase classname="tests.test_newsletter_builder.TestNewsletterBuilderIssues" name="test_get_issues_filter_by_status" time="0.126" /><testcase classname="tests.test_newsletter_builder.TestNewsletterBuilderIssues" name="test_create_newsletter_issue" time="0.105" /><testcase classname="tests.test_newsletter_builder.TestNewsletterBuilderIssues" name="test_get_single_issue" time="0.106" /><testcase classname="tests.test_newsletter_builder.TestNewsletterBuilderIssues" name="test_get_nonexistent_issue" time="0.121" /><testcase classname="tests.test_newsletter_builder.TestNewsletterBuilderIssues" name="test_update_newsletter_issue" time="0.109" /><testcase classname="tests.test_newsletter_builder.TestNewsletterBuilderIssues" name="test_update_nonexistent_issue" time="0.157" /><testcase classname="tests.test_newsletter_builder.TestNewsletterBuilderPreview" name="test_preview_existing_issue" time="0.138" /><testcase classname="tests.test_newsletter_builder.TestNewsletterBuilderPreview" name="test_preview_nonexistent_issue" time="0.123" /><testcase classname="tests.test_newsletter_builder.TestNewsletterBuilderSegments" name="test_get_segments" time="0.120" /><testcase classname="tests.test_newsletter_builder.TestNewsletterBuilderSend" name="test_send_test_email" time="0.608" /><testcase classname="tests.test_newsletter_builder.TestNewsletterBuilderSend" name="test_send_nonexistent_issue" time="0.116" /><testcase classname="tests.test_newsletter_builder.TestNewsletterBuilderBlockTypes" name="test_create_issue_with_all_block_types" time="0.231" /><testcase classname="tests.test_newsletter_builder.TestNewsletterBuilderDelete" name="test_delete_newsletter_issue" time="0.364" /><testcase classname="tests.test_newsletter_builder.TestNewsletterBuilderDelete" name="test_delete_nonexistent_issue" time="0.318" /></testsuite></testsuites>