<?xml version="1.0" encoding="utf-8"?><testsuites name="pytest tests"><testsuite name="pytest" errors="0" failures="0" skipped="0" tests="12" time="17.415" timestamp="2026-02-14T12:01:24.694203+00:00" hostname="agent-env-aa99a7ff-9975-46df-977c-a0286b67f95d"><testcase classname="backend.tests.test_newsletter_blog_features.TestBlogSeoAIEndpoint" name="test_generate_blog_seo_returns_all_fields" time="5.656" /><testcase classname="backend.tests.test_newsletter_blog_features.TestBlogSeoAIEndpoint" name="test_generate_blog_seo_with_minimal_input" time="4.673" /><testcase classname="backend.tests.test_newsletter_blog_features.TestNewsletterSendBulkEndpoint" name="test_send_bulk_test_mode" time="0.416" /><testcase classname="backend.tests.test_newsletter_blog_features.TestNewsletterSendBulkEndpoint" name="test_send_bulk_with_html_content" time="0.418" /><testcase classname="backend.tests.test_newsletter_blog_features.TestNewsletterSubscribers" name="test_get_active_subscribers" time="0.170" /><testcase classname="backend.tests.test_newsletter_blog_features.TestNewsletterSubscribers" name="test_get_all_subscribers" time="0.101" /><testcase classname="backend.tests.test_newsletter_blog_features.TestBlogCRUDWithCTAFields" name="test_get_blog_posts" time="0.107" /><testcase classname="backend.tests.test_newsletter_blog_features.TestBlogCRUDWithCTAFields" name="test_create_blog_post_with_cta_fields" time="0.259" /><testcase classname="backend.tests.test_newsletter_blog_features.TestBlogCRUDWithCTAFields" name="test_published_post_has_newsletter_eligible_fields" time="0.098" /><testcase classname="backend.tests.test_newsletter_blog_features.TestBlogModalDataTestIds" name="test_blog_endpoint_available" time="0.114" /><testcase classname="backend.tests.test_newsletter_blog_features.TestBlogModalDataTestIds" name="test_ai_generate_blog_seo_endpoint_available" time="4.726" /><testcase classname="backend.tests.test_newsletter_blog_features.TestBlogModalDataTestIds" name="test_newsletter_send_bulk_endpoint_available" time="0.607" /></testsuite></testsuites>