<?xml version="1.0" encoding="utf-8"?><testsuites name="pytest tests"><testsuite name="pytest" errors="0" failures="0" skipped="0" tests="19" time="1.235" timestamp="2026-02-02T22:16:35.241219+00:00" hostname="agent-env-20c6a424-f5c1-4290-a8a1-2a91c26421ad"><testcase classname="backend.tests.test_new_features.TestSubmissionsAPI" name="test_create_submission" time="0.090" /><testcase classname="backend.tests.test_new_features.TestSubmissionsAPI" name="test_get_submissions" time="0.037" /><testcase classname="backend.tests.test_new_features.TestSubmissionsAPI" name="test_submission_validation_logline_too_long" time="0.040" /><testcase classname="backend.tests.test_new_features.TestInvestorPortalAPI" name="test_portal_status" time="0.043" /><testcase classname="backend.tests.test_new_features.TestInvestorPortalAPI" name="test_investor_auth_with_password" time="0.039" /><testcase classname="backend.tests.test_new_features.TestInvestorPortalAPI" name="test_investor_auth_invalid_password" time="0.077" /><testcase classname="backend.tests.test_new_features.TestInvestorPortalAPI" name="test_get_investor_projects" time="0.042" /><testcase classname="backend.tests.test_new_features.TestInvestorPortalAPI" name="test_get_investor_documents" time="0.039" /><testcase classname="backend.tests.test_new_features.TestInvestorPortalAPI" name="test_create_investor_inquiry" time="0.048" /><testcase classname="backend.tests.test_new_features.TestInvestorAdminAPI" name="test_get_admin_settings" time="0.041" /><testcase classname="backend.tests.test_new_features.TestInvestorAdminAPI" name="test_get_admin_credentials" time="0.045" /><testcase classname="backend.tests.test_new_features.TestInvestorAdminAPI" name="test_get_admin_projects" time="0.044" /><testcase classname="backend.tests.test_new_features.TestInvestorAdminAPI" name="test_get_admin_documents" time="0.040" /><testcase classname="backend.tests.test_new_features.TestInvestorAdminAPI" name="test_get_admin_inquiries" time="0.039" /><testcase classname="backend.tests.test_new_features.TestNewsletterAPI" name="test_subscribe_newsletter" time="0.043" /><testcase classname="backend.tests.test_new_features.TestNewsletterAPI" name="test_get_newsletter_subscribers" time="0.041" /><testcase classname="backend.tests.test_new_features.TestNewsletterAPI" name="test_unsubscribe_newsletter" time="0.076" /><testcase classname="backend.tests.test_new_features.TestCleanup" name="test_cleanup_test_submissions" time="0.125" /><testcase classname="backend.tests.test_new_features.TestCleanup" name="test_cleanup_test_inquiries" time="0.164" /></testsuite></testsuites>