<?xml version="1.0" encoding="utf-8"?><testsuites name="pytest tests"><testsuite name="pytest" errors="0" failures="0" skipped="0" tests="16" time="1.802" timestamp="2026-01-14T08:29:04.102278+00:00" hostname="agent-env-20c6a424-f5c1-4290-a8a1-2a91c26421ad"><testcase classname="tests.test_blog_and_armory.TestBlogAPI" name="test_get_all_blog_posts" time="0.064" /><testcase classname="tests.test_blog_and_armory.TestBlogAPI" name="test_get_published_blog_posts" time="0.040" /><testcase classname="tests.test_blog_and_armory.TestBlogAPI" name="test_create_blog_post" time="0.046" /><testcase classname="tests.test_blog_and_armory.TestBlogAPI" name="test_get_blog_post_by_id" time="0.160" /><testcase classname="tests.test_blog_and_armory.TestBlogAPI" name="test_update_blog_post" time="0.191" /><testcase classname="tests.test_blog_and_armory.TestBlogAPI" name="test_delete_blog_post_archive" time="0.114" /><testcase classname="tests.test_blog_and_armory.TestBlogAPI" name="test_get_blog_post_by_slug" time="0.118" /><testcase classname="tests.test_blog_and_armory.TestBlogAPI" name="test_blog_post_not_found" time="0.037" /><testcase classname="tests.test_blog_and_armory.TestDenItemsAPI" name="test_get_apps" time="0.038" /><testcase classname="tests.test_blog_and_armory.TestDenItemsAPI" name="test_get_templates" time="0.038" /><testcase classname="tests.test_blog_and_armory.TestDenItemsAPI" name="test_get_downloads" time="0.038" /><testcase classname="tests.test_blog_and_armory.TestDenItemsAPI" name="test_get_courses" time="0.037" /><testcase classname="tests.test_blog_and_armory.TestDenItemsAPI" name="test_get_ebooks" time="0.039" /><testcase classname="tests.test_blog_and_armory.TestDenItemsAPI" name="test_den_item_structure" time="0.042" /><testcase classname="tests.test_blog_and_armory.TestAdminLogin" name="test_admin_login_success" time="0.258" /><testcase classname="tests.test_blog_and_armory.TestAdminLogin" name="test_admin_login_failure" time="0.338" /></testsuite></testsuites>