<?xml version="1.0" encoding="utf-8"?><testsuites name="pytest tests"><testsuite name="pytest" errors="0" failures="0" skipped="0" tests="12" time="2.611" timestamp="2026-02-18T01:06:46.392399+00:00" hostname="agent-env-0fe489f1-d73a-4afd-914d-9ec9326af875"><testcase classname="backend.tests.test_seo_domain_fixes.TestRobotsTxt" name="test_robots_txt_returns_200" time="0.313" /><testcase classname="backend.tests.test_seo_domain_fixes.TestRobotsTxt" name="test_robots_txt_uses_production_url" time="0.181" /><testcase classname="backend.tests.test_seo_domain_fixes.TestRobotsTxt" name="test_robots_txt_disallows_admin_paths" time="0.238" /><testcase classname="backend.tests.test_seo_domain_fixes.TestSitemapXml" name="test_sitemap_xml_returns_200" time="0.171" /><testcase classname="backend.tests.test_seo_domain_fixes.TestSitemapXml" name="test_sitemap_xml_valid_format" time="0.212" /><testcase classname="backend.tests.test_seo_domain_fixes.TestSitemapXml" name="test_sitemap_uses_production_url" time="0.135" /><testcase classname="backend.tests.test_seo_domain_fixes.TestSitemapXml" name="test_sitemap_includes_armory_route" time="0.171" /><testcase classname="backend.tests.test_seo_domain_fixes.TestSitemapXml" name="test_sitemap_blog_urls_slugified" time="0.183" /><testcase classname="backend.tests.test_seo_domain_fixes.TestSitemapXml" name="test_sitemap_includes_static_pages" time="0.205" /><testcase classname="backend.tests.test_seo_domain_fixes.TestSitemapXml" name="test_sitemap_dynamic_films" time="0.164" /><testcase classname="backend.tests.test_seo_domain_fixes.TestSitemapXml" name="test_sitemap_dynamic_armory" time="0.173" /><testcase classname="backend.tests.test_seo_domain_fixes.TestSeoSettings" name="test_seo_settings_returns_correct_url" time="0.176" /></testsuite></testsuites>