<?xml version="1.0" encoding="utf-8"?><testsuites name="pytest tests"><testsuite name="pytest" errors="0" failures="0" skipped="0" tests="12" time="8.702" timestamp="2026-02-15T06:42:51.297086+00:00" hostname="agent-env-aa99a7ff-9975-46df-977c-a0286b67f95d"><testcase classname="backend.tests.test_ui_batch_features.TestPageHeaders" name="test_header_about_image" time="0.222" /><testcase classname="backend.tests.test_ui_batch_features.TestPageHeaders" name="test_header_films_image" time="0.168" /><testcase classname="backend.tests.test_ui_batch_features.TestPageHeaders" name="test_header_armory_image" time="0.191" /><testcase classname="backend.tests.test_ui_batch_features.TestPageHeaders" name="test_header_den_image" time="0.179" /><testcase classname="backend.tests.test_ui_batch_features.TestPageHeaders" name="test_header_investors_image" time="0.188" /><testcase classname="backend.tests.test_ui_batch_features.TestPageHeaders" name="test_header_workwithus_image" time="0.178" /><testcase classname="backend.tests.test_ui_batch_features.TestPageHeaders" name="test_header_contact_image" time="0.159" /><testcase classname="backend.tests.test_ui_batch_features.TestBlogAIGeneration" name="test_generate_blog_seo_returns_title" time="6.487" /><testcase classname="backend.tests.test_ui_batch_features.TestNewsletterSendBulk" name="test_send_bulk_endpoint_accessible" time="0.502" /><testcase classname="backend.tests.test_ui_batch_features.TestBlogEndpoints" name="test_get_blog_posts" time="0.102" /><testcase classname="backend.tests.test_ui_batch_features.TestArmoryDenItems" name="test_get_den_items" time="0.123" /><testcase classname="backend.tests.test_ui_batch_features.TestAssetsLibrary" name="test_assets_search_playbook" time="0.099" /></testsuite></testsuites>